\BOOKMARK [1][-]{Doc-Start}{\376\377\000R\000e\000m\000e\000r\000c\000i\000e\000m\000e\000n\000t\000s}{}% 1
\BOOKMARK [1][-]{Doc-Start}{\376\377\000A\000v\000a\000n\000t\000-\000p\000r\000o\000p\000o\000s}{}% 2
\BOOKMARK [2][-]{section*.1}{\376\377\000C\000o\000n\000t\000e\000x\000t\000e\000\040\000e\000t\000\040\000o\000b\000j\000e\000c\000t\000i\000f\000s}{Doc-Start}% 3
\BOOKMARK [2][-]{section*.1}{\376\377\000P\000l\000a\000n\000\040\000d\000u\000\040\000r\000a\000p\000p\000o\000r\000t}{Doc-Start}% 4
\BOOKMARK [1][-]{section*.1}{\376\377\000S\000i\000g\000l\000e\000s\000\040\000e\000t\000\040\000a\000c\000r\000o\000n\000y\000m\000e\000s}{}% 5
\BOOKMARK [1][-]{section.1}{\376\377\000I\000n\000t\000r\000o\000d\000u\000c\000t\000i\000o\000n\000\040\000g\000\351\000n\000\351\000r\000a\000l\000e}{}% 6
\BOOKMARK [2][-]{subsection.1.1}{\376\377\000A\000c\000c\000r\000o\000c\000h\000e\000\040\000e\000t\000\040\000c\000o\000n\000t\000e\000x\000t\000e\000\040\000g\000\351\000n\000\351\000r\000a\000l}{section.1}% 7
\BOOKMARK [2][-]{subsection.1.2}{\376\377\000I\000n\000t\000\351\000r\000\352\000t\000\040\000s\000c\000i\000e\000n\000t\000i\000f\000i\000q\000u\000e\000\040\000e\000t\000\040\000e\000m\000p\000i\000r\000i\000q\000u\000e\000\040\000:\000\040\000p\000o\000u\000r\000q\000u\000o\000i\000\040\000\351\000t\000u\000d\000i\000e\000r\000\040\000l\000a\000\040\000s\000a\000n\000t\000\351\000\040\000p\000e\000r\000\347\000u\000e\000\040\000p\000a\000r\000\040\000l\000a\000\040\000r\000\351\000g\000r\000e\000s\000s\000i\000o\000n\000\040\000l\000i\000n\000\351\000a\000i\000r\000e\000\040\000?}{section.1}% 8
\BOOKMARK [2][-]{subsection.1.3}{\376\377\000P\000r\000o\000b\000l\000\351\000m\000a\000t\000i\000q\000u\000e\000\040\000g\000\351\000n\000\351\000r\000a\000l\000e}{section.1}% 9
\BOOKMARK [2][-]{subsection.1.4}{\376\377\000Q\000u\000e\000s\000t\000i\000o\000n\000\040\000c\000e\000n\000t\000r\000a\000l\000e\000\040\000d\000e\000\040\000r\000e\000c\000h\000e\000r\000c\000h\000e}{section.1}% 10
\BOOKMARK [2][-]{subsection.1.5}{\376\377\000O\000b\000j\000e\000c\000t\000i\000f\000\040\000g\000\351\000n\000\351\000r\000a\000l\000\040\000e\000t\000\040\000o\000b\000j\000e\000c\000t\000i\000f\000s\000\040\000s\000p\000\351\000c\000i\000f\000i\000q\000u\000e\000s}{section.1}% 11
\BOOKMARK [2][-]{subsection.1.6}{\376\377\000H\000y\000p\000o\000t\000h\000\350\000s\000e\000s\000\040\000d\000e\000\040\000r\000e\000c\000h\000e\000r\000c\000h\000e}{section.1}% 12
\BOOKMARK [2][-]{subsection.1.7}{\376\377\000P\000o\000s\000i\000t\000i\000o\000n\000n\000e\000m\000e\000n\000t\000\040\000s\000c\000i\000e\000n\000t\000i\000f\000i\000q\000u\000e}{section.1}% 13
\BOOKMARK [2][-]{subsection.1.8}{\376\377\000S\000t\000r\000a\000t\000\351\000g\000i\000e\000\040\000d\000e\000\040\000r\000e\000c\000h\000e\000r\000c\000h\000e\000\040\000e\000t\000\040\000d\000\351\000m\000a\000r\000c\000h\000e\000\040\000m\000\351\000t\000h\000o\000d\000o\000l\000o\000g\000i\000q\000u\000e}{section.1}% 14
\BOOKMARK [2][-]{subsection.1.9}{\376\377\000A\000n\000n\000o\000n\000c\000e\000\040\000d\000u\000\040\000p\000l\000a\000n}{section.1}% 15
\BOOKMARK [1][-]{section.2}{\376\377\000C\000a\000d\000r\000e\000\040\000c\000o\000n\000c\000e\000p\000t\000u\000e\000l\000,\000\040\000t\000h\000\351\000o\000r\000i\000q\000u\000e\000\040\000e\000t\000\040\000a\000n\000a\000l\000y\000t\000i\000q\000u\000e}{}% 16
\BOOKMARK [2][-]{subsection.2.1}{\376\377\000C\000a\000d\000r\000e\000\040\000c\000o\000n\000c\000e\000p\000t\000u\000e\000l\000\040\000:\000\040\000s\000a\000n\000t\000\351\000\040\000p\000e\000r\000\347\000u\000e\000\040\000e\000t\000\040\000d\000\351\000t\000e\000r\000m\000i\000n\000a\000n\000t\000s\000\040\000s\000o\000c\000i\000a\000u\000x}{section.2}% 17
\BOOKMARK [2][-]{subsection.2.2}{\376\377\000C\000a\000d\000r\000e\000\040\000t\000h\000\351\000o\000r\000i\000q\000u\000e\000\040\000:\000\040\000m\000o\000d\000\350\000l\000e\000s\000\040\000e\000x\000p\000l\000i\000c\000a\000t\000i\000f\000s\000\040\000d\000e\000\040\000l\000a\000\040\000s\000a\000n\000t\000\351\000\040\000p\000e\000r\000\347\000u\000e}{section.2}% 18
\BOOKMARK [2][-]{subsection.2.3}{\376\377\000C\000a\000d\000r\000e\000\040\000a\000n\000a\000l\000y\000t\000i\000q\000u\000e\000\040\000:\000\040\000j\000u\000s\000t\000i\000f\000i\000c\000a\000t\000i\000o\000n\000\040\000d\000e\000s\000\040\000m\000\351\000t\000h\000o\000d\000e\000s\000\040\000s\000t\000a\000t\000i\000s\000t\000i\000q\000u\000e\000s\000\040\000r\000e\000t\000e\000n\000u\000e\000s}{section.2}% 19
\BOOKMARK [3][-]{subsubsection.2.3.1}{\376\377\000T\000r\000a\000i\000t\000e\000m\000e\000n\000t\000\040\000d\000e\000\040\000l\000a\000\040\000v\000a\000r\000i\000a\000b\000l\000e\000\040\000r\000\351\000p\000o\000n\000s\000e\000\040\000o\000r\000d\000i\000n\000a\000l\000e}{subsection.2.3}% 20
\BOOKMARK [3][-]{subsubsection.2.3.2}{\376\377\000L\000i\000m\000i\000t\000e\000s\000\040\000s\000t\000r\000u\000c\000t\000u\000r\000e\000l\000l\000e\000s\000\040\000d\000u\000\040\000d\000e\000s\000i\000g\000n\000\040\000c\000h\000o\000i\000s\000i}{subsection.2.3}% 21
\BOOKMARK [1][-]{section.3}{\376\377\000R\000e\000v\000u\000e\000\040\000d\000e\000\040\000l\000i\000t\000t\000\351\000r\000a\000t\000u\000r\000e}{}% 22
\BOOKMARK [2][-]{subsection.3.1}{\376\377\000M\000e\000s\000u\000r\000e\000s\000\040\000s\000u\000b\000j\000e\000c\000t\000i\000v\000e\000s\000\040\000d\000e\000\040\000l\000a\000\040\000s\000a\000n\000t\000\351\000\040\000:\000\040\000f\000o\000n\000d\000e\000m\000e\000n\000t\000s\000\040\000e\000t\000\040\000v\000a\000l\000i\000d\000i\000t\000\351}{section.3}% 23
\BOOKMARK [2][-]{subsection.3.2}{\376\377\000D\000\351\000t\000e\000r\000m\000i\000n\000a\000n\000t\000s\000\040\000s\000o\000c\000i\000o\000-\000\351\000c\000o\000n\000o\000m\000i\000q\000u\000e\000s\000\040\000d\000e\000\040\000l\000a\000\040\000s\000a\000n\000t\000\351\000\040\000p\000e\000r\000\347\000u\000e}{section.3}% 24
\BOOKMARK [3][-]{subsubsection.3.2.1}{\376\377\000E\000f\000f\000e\000t\000s\000\040\000d\000e\000\040\000l\000'\000\342\000g\000e\000\040\000e\000t\000\040\000d\000u\000\040\000s\000e\000x\000e}{subsection.3.2}% 25
\BOOKMARK [3][-]{subsubsection.3.2.2}{\376\377\000G\000r\000a\000d\000i\000e\000n\000t\000\040\000s\000o\000c\000i\000a\000l\000\040\000d\000e\000\040\000s\000a\000n\000t\000\351}{subsection.3.2}% 26
\BOOKMARK [3][-]{subsubsection.3.2.3}{\376\377\000R\000\364\000l\000e\000\040\000d\000e\000\040\000l\000a\000\040\000c\000o\000u\000v\000e\000r\000t\000u\000r\000e\000\040\000a\000s\000s\000u\000r\000a\000n\000t\000i\000e\000l\000l\000e\000\040\000e\000t\000\040\000d\000u\000\040\000r\000e\000n\000o\000n\000c\000e\000m\000e\000n\000t\000\040\000a\000u\000x\000\040\000s\000o\000i\000n\000s}{subsection.3.2}% 27
\BOOKMARK [2][-]{subsection.3.3}{\376\377\000L\000a\000\040\000r\000\351\000g\000r\000e\000s\000s\000i\000o\000n\000\040\000l\000i\000n\000\351\000a\000i\000r\000e\000\040\000p\000o\000u\000r\000\040\000e\000x\000p\000l\000i\000q\000u\000e\000r\000\040\000l\000a\000\040\000s\000a\000n\000t\000\351\000\040\000p\000e\000r\000\347\000u\000e}{section.3}% 28
\BOOKMARK [2][-]{subsection.3.4}{\376\377\000P\000o\000s\000i\000t\000i\000o\000n\000n\000e\000m\000e\000n\000t\000\040\000d\000e\000\040\000l\000a\000\040\000c\000o\000n\000t\000r\000i\000b\000u\000t\000i\000o\000n}{section.3}% 29
\BOOKMARK [1][-]{section.4}{\376\377\000M\000\351\000t\000h\000o\000d\000o\000l\000o\000g\000i\000e}{}% 30
\BOOKMARK [2][-]{subsection.4.1}{\376\377\000D\000e\000s\000i\000g\000n\000\040\000d\000e\000\040\000r\000e\000c\000h\000e\000r\000c\000h\000e\000\040\000:\000\040\000t\000e\000r\000r\000a\000i\000n\000\040\000e\000t\000\040\000p\000e\000r\000t\000i\000n\000e\000n\000c\000e}{section.4}% 31
\BOOKMARK [2][-]{subsection.4.2}{\376\377\000S\000p\000\351\000c\000i\000f\000i\000c\000a\000t\000i\000o\000n\000\040\000d\000e\000s\000\040\000m\000o\000d\000\350\000l\000e\000s}{section.4}% 32
\BOOKMARK [3][-]{subsubsection.4.2.1}{\376\377\000M\000o\000d\000\350\000l\000e\000\040\000d\000e\000\040\000r\000\351\000g\000r\000e\000s\000s\000i\000o\000n\000\040\000l\000i\000n\000\351\000a\000i\000r\000e\000\040\000m\000u\000l\000t\000i\000p\000l\000e}{subsection.4.2}% 33
\BOOKMARK [3][-]{subsubsection.4.2.2}{\376\377\000M\000o\000d\000\350\000l\000e\000\040\000A\000N\000C\000O\000V\000A}{subsection.4.2}% 34
\BOOKMARK [3][-]{subsubsection.4.2.3}{\376\377\000M\000o\000d\000\350\000l\000e\000\040\000l\000o\000g\000i\000s\000t\000i\000q\000u\000e\000\040\000o\000r\000d\000i\000n\000a\000l\000\040\000\050\000c\000o\000t\000e\000s\000\040\000p\000r\000o\000p\000o\000r\000t\000i\000o\000n\000n\000e\000l\000l\000e\000s\000\051}{subsection.4.2}% 35
\BOOKMARK [3][-]{subsubsection.4.2.4}{\376\377\000M\000o\000d\000\350\000l\000e\000\040\000l\000o\000g\000i\000s\000t\000i\000q\000u\000e\000\040\000b\000i\000n\000a\000i\000r\000e}{subsection.4.2}% 36
\BOOKMARK [2][-]{subsection.4.3}{\376\377\000S\000t\000r\000a\000t\000\351\000g\000i\000e\000\040\000d\000e\000\040\000v\000a\000l\000i\000d\000a\000t\000i\000o\000n\000\040\000e\000t\000\040\000d\000i\000a\000g\000n\000o\000s\000t\000i\000c\000s}{section.4}% 37
\BOOKMARK [1][-]{section.5}{\376\377\000D\000o\000n\000n\000\351\000e\000s\000\040\000e\000t\000\040\000c\000o\000n\000s\000t\000r\000u\000c\000t\000i\000o\000n\000\040\000d\000e\000\040\000l\000a\000\040\000b\000a\000s\000e\000\040\000e\000m\000p\000i\000r\000i\000q\000u\000e}{}% 38
\BOOKMARK [2][-]{subsection.5.1}{\376\377\000S\000o\000u\000r\000c\000e\000s\000\040\000d\000e\000s\000\040\000d\000o\000n\000n\000\351\000e\000s\000\040\000e\000t\000\040\000c\000o\000n\000s\000t\000r\000u\000c\000t\000i\000o\000n\000\040\000d\000e\000\040\000l\000a\000\040\000b\000a\000s\000e\000\040\000d\000'\000a\000n\000a\000l\000y\000s\000e}{section.5}% 39
\BOOKMARK [2][-]{subsection.5.2}{\376\377\000D\000i\000s\000t\000r\000i\000b\000u\000t\000i\000o\000n\000\040\000d\000e\000\040\000l\000a\000\040\000v\000a\000r\000i\000a\000b\000l\000e\000\040\000r\000\351\000p\000o\000n\000s\000e\000\040\000:\000\040\000\351\000t\000a\000t\000\040\000d\000e\000\040\000s\000a\000n\000t\000\351\000\040\000p\000e\000r\000\347\000u}{section.5}% 40
\BOOKMARK [2][-]{subsection.5.3}{\376\377\000S\000t\000a\000t\000i\000s\000t\000i\000q\000u\000e\000s\000\040\000d\000e\000s\000c\000r\000i\000p\000t\000i\000v\000e\000s\000\040\000d\000e\000s\000\040\000v\000a\000r\000i\000a\000b\000l\000e\000s\000\040\000q\000u\000a\000n\000t\000i\000t\000a\000t\000i\000v\000e\000s}{section.5}% 41
\BOOKMARK [2][-]{subsection.5.4}{\376\377\000P\000r\000o\000f\000i\000l\000\040\000s\000o\000c\000i\000o\000d\000\351\000m\000o\000g\000r\000a\000p\000h\000i\000q\000u\000e\000\040\000d\000e\000\040\000l\000'\000\351\000c\000h\000a\000n\000t\000i\000l\000l\000o\000n}{section.5}% 42
\BOOKMARK [1][-]{section.6}{\376\377\000R\000\351\000s\000u\000l\000t\000a\000t\000s}{}% 43
\BOOKMARK [2][-]{subsection.6.1}{\376\377\000A\000n\000a\000l\000y\000s\000e\000\040\000b\000i\000v\000a\000r\000i\000\351\000e}{section.6}% 44
\BOOKMARK [3][-]{subsubsection.6.1.1}{\376\377\000T\000e\000s\000t\000\040\000d\000u\000\040\000\134\000c\000h\000i\000\136\0002\000\040\000d\000'\000i\000n\000d\000\351\000p\000e\000n\000d\000a\000n\000c\000e\000\040\000:\000\040\000c\000r\000o\000i\000s\000e\000m\000e\000n\000t\000s\000\040\000Y\000\040\000q\000u\000a\000l\000i\000t\000a\000t\000i\000v\000e\000\040\000\134\000t\000i\000m\000e\000s\000\040\000X\000\040\000q\000u\000a\000l\000i\000t\000a\000t\000i\000v\000e\000s}{subsection.6.1}% 45
\BOOKMARK [3][-]{subsubsection.6.1.2}{\376\377\000A\000N\000O\000V\000A\000\040\000\340\000\040\000u\000n\000\040\000f\000a\000c\000t\000e\000u\000r\000\040\000:\000\040\000c\000r\000o\000i\000s\000e\000m\000e\000n\000t\000s\000\040\000Y\000\040\000q\000u\000a\000l\000i\000t\000a\000t\000i\000v\000e\000\040\000\134\000t\000i\000m\000e\000s\000\040\000X\000\040\000q\000u\000a\000n\000t\000i\000t\000a\000t\000i\000v\000e\000s}{subsection.6.1}% 46
\BOOKMARK [3][-]{subsubsection.6.1.3}{\376\377\000C\000o\000r\000r\000\351\000l\000a\000t\000i\000o\000n\000\040\000d\000e\000\040\000S\000p\000e\000a\000r\000m\000a\000n}{subsection.6.1}% 47
\BOOKMARK [2][-]{subsection.6.2}{\376\377\000R\000\351\000g\000r\000e\000s\000s\000i\000o\000n\000\040\000l\000i\000n\000\351\000a\000i\000r\000e\000\040\000m\000u\000l\000t\000i\000p\000l\000e}{section.6}% 48
\BOOKMARK [3][-]{subsubsection.6.2.1}{\376\377\000M\000o\000d\000\350\000l\000e\000\040\000c\000o\000m\000p\000l\000e\000t}{subsection.6.2}% 49
\BOOKMARK [3][-]{subsubsection.6.2.2}{\376\377\000M\000o\000d\000\350\000l\000e\000\040\000r\000\351\000d\000u\000i\000t}{subsection.6.2}% 50
\BOOKMARK [2][-]{subsection.6.3}{\376\377\000\311\000t\000u\000d\000e\000\040\000d\000e\000\040\000l\000a\000\040\000c\000o\000l\000i\000n\000\351\000a\000r\000i\000t\000\351}{section.6}% 51
\BOOKMARK [3][-]{subsubsection.6.3.1}{\376\377\000V\000I\000F\000\040\000e\000t\000\040\000T\000o\000l\000\351\000r\000a\000n\000c\000e}{subsection.6.3}% 52
\BOOKMARK [3][-]{subsubsection.6.3.2}{\376\377\000M\000a\000t\000r\000i\000c\000e\000\040\000d\000e\000\040\000c\000o\000r\000r\000\351\000l\000a\000t\000i\000o\000n\000\040\000e\000n\000t\000r\000e\000\040\000l\000e\000s\000\040\000p\000r\000\351\000d\000i\000c\000t\000e\000u\000r\000s}{subsection.6.3}% 53
\BOOKMARK [2][-]{subsection.6.4}{\376\377\000S\000\351\000l\000e\000c\000t\000i\000o\000n\000\040\000d\000e\000\040\000v\000a\000r\000i\000a\000b\000l\000e\000s}{section.6}% 54
\BOOKMARK [2][-]{subsection.6.5}{\376\377\000V\000a\000l\000i\000d\000a\000t\000i\000o\000n\000\040\000d\000u\000\040\000m\000o\000d\000\350\000l\000e}{section.6}% 55
\BOOKMARK [3][-]{subsubsection.6.5.1}{\376\377\000N\000o\000r\000m\000a\000l\000i\000t\000\351\000\040\000d\000e\000s\000\040\000r\000\351\000s\000i\000d\000u\000s}{subsection.6.5}% 56
\BOOKMARK [3][-]{subsubsection.6.5.2}{\376\377\000T\000e\000s\000t\000\040\000d\000e\000\040\000D\000u\000r\000b\000i\000n\000-\000W\000a\000t\000s\000o\000n\000\040\000\050\000i\000n\000d\000\351\000p\000e\000n\000d\000a\000n\000c\000e\000\040\000d\000e\000s\000\040\000r\000\351\000s\000i\000d\000u\000s\000\051}{subsection.6.5}% 57
\BOOKMARK [3][-]{subsubsection.6.5.3}{\376\377\000T\000e\000s\000t\000\040\000d\000e\000\040\000W\000h\000i\000t\000e\000\040\000\050\000h\000o\000m\000o\000s\000c\000\351\000d\000a\000s\000t\000i\000c\000i\000t\000\351\000\051}{subsection.6.5}% 58
\BOOKMARK [3][-]{subsubsection.6.5.4}{\376\377\000D\000i\000s\000t\000a\000n\000c\000e\000\040\000d\000e\000\040\000C\000o\000o\000k\000\040\000e\000t\000\040\000o\000b\000s\000e\000r\000v\000a\000t\000i\000o\000n\000s\000\040\000i\000n\000f\000l\000u\000e\000n\000t\000e\000s}{subsection.6.5}% 59
\BOOKMARK [3][-]{subsubsection.6.5.5}{\376\377\000R\000\351\000s\000i\000d\000u\000s\000\040\000v\000e\000r\000s\000u\000s\000\040\000v\000a\000l\000e\000u\000r\000s\000\040\000a\000j\000u\000s\000t\000\351\000e\000s}{subsection.6.5}% 60
\BOOKMARK [2][-]{subsection.6.6}{\376\377\000A\000n\000a\000l\000y\000s\000e\000\040\000d\000e\000\040\000c\000o\000v\000a\000r\000i\000a\000n\000c\000e\000\040\000\050\000A\000N\000C\000O\000V\000A\000\051}{section.6}% 61
\BOOKMARK [3][-]{subsubsection.6.6.1}{\376\377\000M\000o\000y\000e\000n\000n\000e\000s\000\040\000m\000a\000r\000g\000i\000n\000a\000l\000e\000s\000\040\000\050\000L\000S\000M\000E\000A\000N\000S\000\051}{subsection.6.6}% 62
\BOOKMARK [2][-]{subsection.6.7}{\376\377\000R\000\351\000g\000r\000e\000s\000s\000i\000o\000n\000\040\000l\000o\000g\000i\000s\000t\000i\000q\000u\000e}{section.6}% 63
\BOOKMARK [3][-]{subsubsection.6.7.1}{\376\377\000R\000\351\000g\000r\000e\000s\000s\000i\000o\000n\000\040\000l\000o\000g\000i\000s\000t\000i\000q\000u\000e\000\040\000o\000r\000d\000i\000n\000a\000l\000e}{subsection.6.7}% 64
\BOOKMARK [3][-]{subsubsection.6.7.2}{\376\377\000R\000\351\000g\000r\000e\000s\000s\000i\000o\000n\000\040\000l\000o\000g\000i\000s\000t\000i\000q\000u\000e\000\040\000b\000i\000n\000a\000i\000r\000e\000,\000\040\000c\000o\000u\000r\000b\000e\000\040\000R\000O\000C\000\040\000e\000t\000\040\000A\000U\000C}{subsection.6.7}% 65
\BOOKMARK [3][-]{subsubsection.6.7.3}{\376\377\000M\000a\000t\000r\000i\000c\000e\000\040\000d\000e\000\040\000c\000o\000n\000f\000u\000s\000i\000o\000n}{subsection.6.7}% 66
\BOOKMARK [1][-]{section.7}{\376\377\000R\000o\000b\000u\000s\000t\000e\000s\000s\000e\000,\000\040\000l\000i\000m\000i\000t\000e\000s\000\040\000e\000t\000\040\000d\000i\000s\000c\000u\000s\000s\000i\000o\000n}{}% 67
\BOOKMARK [2][-]{subsection.7.1}{\376\377\000S\000y\000n\000t\000h\000\350\000s\000e\000\040\000d\000e\000s\000\040\000r\000\351\000s\000u\000l\000t\000a\000t\000s\000\040\000e\000t\000\040\000c\000o\000n\000f\000o\000r\000m\000i\000t\000\351\000\040\000\340\000\040\000l\000a\000\040\000r\000\351\000a\000l\000i\000t\000\351}{section.7}% 68
\BOOKMARK [2][-]{subsection.7.2}{\376\377\000D\000i\000s\000c\000u\000s\000s\000i\000o\000n\000\040\000d\000e\000s\000\040\000h\000y\000p\000o\000t\000h\000\350\000s\000e\000s}{section.7}% 69
\BOOKMARK [3][-]{subsubsection.7.2.1}{\376\377\000H\000y\000p\000o\000t\000h\000\350\000s\000e\000\040\000H\0001\000\040\040\024\000\040\000D\000\351\000t\000e\000r\000m\000i\000n\000a\000n\000t\000s\000\040\000q\000u\000a\000n\000t\000i\000t\000a\000t\000i\000f\000s\000\040\000d\000o\000m\000i\000n\000a\000n\000t\000s}{subsection.7.2}% 70
\BOOKMARK [3][-]{subsubsection.7.2.2}{\376\377\000H\000y\000p\000o\000t\000h\000\350\000s\000e\000\040\000H\0002\000\040\040\024\000\040\000E\000f\000f\000e\000t\000\040\000p\000r\000o\000p\000r\000e\000\040\000d\000e\000s\000\040\000f\000a\000c\000t\000e\000u\000r\000s\000\040\000c\000o\000m\000p\000o\000r\000t\000e\000m\000e\000n\000t\000a\000u\000x}{subsection.7.2}% 71
\BOOKMARK [3][-]{subsubsection.7.2.3}{\376\377\000H\000y\000p\000o\000t\000h\000\350\000s\000e\000\040\000H\0003\000\040\040\024\000\040\000S\000u\000p\000\351\000r\000i\000o\000r\000i\000t\000\351\000\040\000d\000u\000\040\000m\000o\000d\000\350\000l\000e\000\040\000o\000r\000d\000i\000n\000a\000l}{subsection.7.2}% 72
\BOOKMARK [2][-]{subsection.7.3}{\376\377\000L\000i\000m\000i\000t\000e\000s\000\040\000d\000e\000\040\000d\000o\000n\000n\000\351\000e\000s}{section.7}% 73
\BOOKMARK [2][-]{subsection.7.4}{\376\377\000L\000i\000m\000i\000t\000e\000s\000\040\000m\000\351\000t\000h\000o\000d\000o\000l\000o\000g\000i\000q\000u\000e\000s}{section.7}% 74
\BOOKMARK [2][-]{subsection.7.5}{\376\377\000O\000u\000v\000e\000r\000t\000u\000r\000e\000s}{section.7}% 75
\BOOKMARK [1][-]{Item.15}{\376\377\000C\000o\000n\000c\000l\000u\000s\000i\000o\000n\000\040\000g\000\351\000n\000\351\000r\000a\000l\000e}{}% 76
\BOOKMARK [2][-]{section*.29}{\376\377\000B\000i\000l\000a\000n}{Item.15}% 77
\BOOKMARK [2][-]{Item.18}{\376\377\000P\000e\000r\000s\000p\000e\000c\000t\000i\000v\000e\000s}{Item.15}% 78
\BOOKMARK [1][-]{Item.22}{\376\377\000A\000n\000n\000e\000x\000e\000\040\000A\000\040\000:\000\040\000D\000e\000s\000c\000r\000i\000p\000t\000i\000o\000n\000\040\000d\000\351\000t\000a\000i\000l\000l\000\351\000e\000\040\000d\000e\000\040\000l\000a\000\040\000b\000a\000s\000e\000\040\000d\000e\000\040\000d\000o\000n\000n\000\351\000e\000s}{}% 79
\BOOKMARK [2][-]{section*.30}{\376\377\000R\000\351\000f\000\351\000r\000e\000n\000c\000e\000\040\000m\000\351\000t\000h\000o\000d\000o\000l\000o\000g\000i\000q\000u\000e}{Item.22}% 80
\BOOKMARK [2][-]{section*.30}{\376\377\000D\000i\000c\000t\000i\000o\000n\000n\000a\000i\000r\000e\000\040\000d\000e\000s\000\040\000v\000a\000r\000i\000a\000b\000l\000e\000s}{Item.22}% 81
\BOOKMARK [2][-]{table.19}{\376\377\000R\000\351\000p\000a\000r\000t\000i\000t\000i\000o\000n\000\040\000d\000e\000s\000\040\000t\000y\000p\000e\000s\000\040\000d\000e\000\040\000v\000a\000r\000i\000a\000b\000l\000e\000s}{Item.22}% 82
\BOOKMARK [2][-]{table.19}{\376\377\000C\000o\000r\000r\000\351\000l\000a\000t\000i\000o\000n\000s\000\040\000i\000n\000t\000\351\000g\000r\000\351\000e\000s}{Item.22}% 83
\BOOKMARK [1][-]{table.19}{\376\377\000A\000n\000n\000e\000x\000e\000\040\000B\000\040\000:\000\040\000C\000o\000d\000e\000\040\000S\000A\000S\000\040\000c\000o\000m\000p\000l\000e\000t}{}% 84
\BOOKMARK [1][-]{table.19}{\376\377\000A\000n\000n\000e\000x\000e\000\040\000C\000\040\000:\000\040\000C\000o\000d\000e\000\040\000R\000\040\000c\000o\000m\000p\000l\000e\000t}{}% 85
\BOOKMARK [1][-]{table.19}{\376\377\000B\000i\000b\000l\000i\000o\000g\000r\000a\000p\000h\000i\000e}{}% 86
